<?xml version="1.0" encoding="UTF-8"?>
<testsuite name="CarSharingTest" tests="1" skipped="0" failures="1" errors="0" timestamp="2021-03-26T10:03:57" hostname="MacBook-Pro.local" time="2.065">
  <properties/>
  <testcase name="start" classname="CarSharingTest" time="2.065">
    <failure message="java.lang.AssertionError: Wrong answer in test #7&#10;&#10;In the company list expected 'Car To Go' company.&#10;Your output should contain '1. Car To Go'.&#10;Companies should be sorted by 'ID' column&#10;&#10;Please find below the output of your program during this failed test.&#10;Note that the '&gt;' character indicates the beginning of the input line.&#10;&#10;---&#10;&#10;Arguments: -databaseFileName carsharing&#10;&#10;1. Log in as a manager&#10;2. Log in as a customer&#10;3. Create a customer&#10;0. Exit&#10;&gt; 1&#10;&#10;1. Company list&#10;2. Create a company&#10;0. Back&#10;&gt; 2&#10;&#10;Enter the company name:&#10;&gt; Car To Go&#10;The company was created!&#10;&#10;1. Company list&#10;2. Create a company&#10;0. Back&#10;&gt; 2&#10;&#10;Enter the company name:&#10;&gt; Drive Now&#10;The company was created!&#10;&#10;1. Company list&#10;2. Create a company&#10;0. Back&#10;&gt; 1&#10;&#10;Choose the company:&#10;4. Car To Go&#10;5. Drive Now&#10;0. Back" type="java.lang.AssertionError">java.lang.AssertionError: Wrong answer in test #7

In the company list expected 'Car To Go' company.
Your output should contain '1. Car To Go'.
Companies should be sorted by 'ID' column

Please find below the output of your program during this failed test.
Note that the '&gt;' character indicates the beginning of the input line.

---

Arguments: -databaseFileName carsharing

1. Log in as a manager
2. Log in as a customer
3. Create a customer
0. Exit
&gt; 1

1. Company list
2. Create a company
0. Back
&gt; 2

Enter the company name:
&gt; Car To Go
The company was created!

1. Company list
2. Create a company
0. Back
&gt; 2

Enter the company name:
&gt; Drive Now
The company was created!

1. Company list
2. Create a company
0. Back
&gt; 1

Choose the company:
4. Car To Go
5. Drive Now
0. Back
	at org.junit.Assert.fail(Assert.java:88)
	at org.hyperskill.hstest.stage.StageTest.start(StageTest.java:131)
	at java.base/jdk.internal.reflect.NativeMethodAccessorImpl.invoke0(Native Method)
	at java.base/jdk.internal.reflect.NativeMethodAccessorImpl.invoke(NativeMethodAccessorImpl.java:62)
	at java.base/jdk.internal.reflect.DelegatingMethodAccessorImpl.invoke(DelegatingMethodAccessorImpl.java:43)
	at java.base/java.lang.reflect.Method.invoke(Method.java:566)
	at org.junit.runners.model.FrameworkMethod$1.runReflectiveCall(FrameworkMethod.java:50)
	at org.junit.internal.runners.model.ReflectiveCallable.run(ReflectiveCallable.java:12)
	at org.junit.runners.model.FrameworkMethod.invokeExplosively(FrameworkMethod.java:47)
	at org.junit.internal.runners.statements.InvokeMethod.evaluate(InvokeMethod.java:17)
	at org.junit.runners.ParentRunner.runLeaf(ParentRunner.java:325)
	at org.junit.runners.BlockJUnit4ClassRunner.runChild(BlockJUnit4ClassRunner.java:78)
	at org.junit.runners.BlockJUnit4ClassRunner.runChild(BlockJUnit4ClassRunner.java:57)
	at org.junit.runners.ParentRunner$3.run(ParentRunner.java:290)
	at org.junit.runners.ParentRunner$1.schedule(ParentRunner.java:71)
	at org.junit.runners.ParentRunner.runChildren(ParentRunner.java:288)
	at org.junit.runners.ParentRunner.access$000(ParentRunner.java:58)
	at org.junit.runners.ParentRunner$2.evaluate(ParentRunner.java:268)
	at org.junit.internal.runners.statements.RunBefores.evaluate(RunBefores.java:26)
	at org.junit.runners.ParentRunner.run(ParentRunner.java:363)
	at org.gradle.api.internal.tasks.testing.junit.JUnitTestClassExecutor.runTestClass(JUnitTestClassExecutor.java:110)
	at org.gradle.api.internal.tasks.testing.junit.JUnitTestClassExecutor.execute(JUnitTestClassExecutor.java:58)
	at org.gradle.api.internal.tasks.testing.junit.JUnitTestClassExecutor.execute(JUnitTestClassExecutor.java:38)
	at org.gradle.api.internal.tasks.testing.junit.AbstractJUnitTestClassProcessor.processTestClass(AbstractJUnitTestClassProcessor.java:62)
	at org.gradle.api.internal.tasks.testing.SuiteTestClassProcessor.processTestClass(SuiteTestClassProcessor.java:51)
	at java.base/jdk.internal.reflect.NativeMethodAccessorImpl.invoke0(Native Method)
	at java.base/jdk.internal.reflect.NativeMethodAccessorImpl.invoke(NativeMethodAccessorImpl.java:62)
	at java.base/jdk.internal.reflect.DelegatingMethodAccessorImpl.invoke(DelegatingMethodAccessorImpl.java:43)
	at java.base/java.lang.reflect.Method.invoke(Method.java:566)
	at org.gradle.internal.dispatch.ReflectionDispatch.dispatch(ReflectionDispatch.java:36)
	at org.gradle.internal.dispatch.ReflectionDispatch.dispatch(ReflectionDispatch.java:24)
	at org.gradle.internal.dispatch.ContextClassLoaderDispatch.dispatch(ContextClassLoaderDispatch.java:33)
	at org.gradle.internal.dispatch.ProxyDispatchAdapter$DispatchingInvocationHandler.invoke(ProxyDispatchAdapter.java:94)
	at com.sun.proxy.$Proxy2.processTestClass(Unknown Source)
	at org.gradle.api.internal.tasks.testing.worker.TestWorker.processTestClass(TestWorker.java:119)
	at java.base/jdk.internal.reflect.NativeMethodAccessorImpl.invoke0(Native Method)
	at java.base/jdk.internal.reflect.NativeMethodAccessorImpl.invoke(NativeMethodAccessorImpl.java:62)
	at java.base/jdk.internal.reflect.DelegatingMethodAccessorImpl.invoke(DelegatingMethodAccessorImpl.java:43)
	at java.base/java.lang.reflect.Method.invoke(Method.java:566)
	at org.gradle.internal.dispatch.ReflectionDispatch.dispatch(ReflectionDispatch.java:36)
	at org.gradle.internal.dispatch.ReflectionDispatch.dispatch(ReflectionDispatch.java:24)
	at org.gradle.internal.remote.internal.hub.MessageHubBackedObjectConnection$DispatchWrapper.dispatch(MessageHubBackedObjectConnection.java:182)
	at org.gradle.internal.remote.internal.hub.MessageHubBackedObjectConnection$DispatchWrapper.dispatch(MessageHubBackedObjectConnection.java:164)
	at org.gradle.internal.remote.internal.hub.MessageHub$Handler.run(MessageHub.java:414)
	at org.gradle.internal.concurrent.ExecutorPolicy$CatchAndRecordFailures.onExecute(ExecutorPolicy.java:64)
	at org.gradle.internal.concurrent.ManagedExecutorImpl$1.run(ManagedExecutorImpl.java:48)
	at java.base/java.util.concurrent.ThreadPoolExecutor.runWorker(ThreadPoolExecutor.java:1128)
	at java.base/java.util.concurrent.ThreadPoolExecutor$Worker.run(ThreadPoolExecutor.java:628)
	at org.gradle.internal.concurrent.ThreadFactoryImpl$ManagedThreadRunnable.run(ThreadFactoryImpl.java:56)
	at java.base/java.lang.Thread.run(Thread.java:834)
</failure>
  </testcase>
  <system-out><![CDATA[?[1;31m
Start test 1?[0m
1. Log in as a manager
2. Log in as a customer
3. Create a customer
0. Exit
> 0

?[1;31m
Start test 2?[0m
1. Log in as a manager
2. Log in as a customer
3. Create a customer
0. Exit
> 1

1. Company list
2. Create a company
0. Back
> 0

1. Log in as a manager
2. Log in as a customer
3. Create a customer
0. Exit
?[1;31m
Start test 3?[0m
?[1;31m
Start test 4?[0m
?[1;31m
Start test 5?[0m
?[1;31m
Start test 6?[0m
1. Log in as a manager
2. Log in as a customer
3. Create a customer
0. Exit
> 1

1. Company list
2. Create a company
0. Back
> 1

The company list is empty!


1. Company list
2. Create a company
0. Back
> 2

Enter the company name:
> Super company
The company was created!

1. Company list
2. Create a company
0. Back
> 1

Choose the company:
1. Super company
0. Back
> 0

1. Company list
2. Create a company
0. Back
> 2

Enter the company name:
> Another company
The company was created!

1. Company list
2. Create a company
0. Back
> 2

Enter the company name:
> One more company
The company was created!

1. Company list
2. Create a company
0. Back
> 1

Choose the company:
1. Super company
2. Another company
3. One more company
0. Back
> 2

'Another company' company
1. Car list
2. Create a car
0. Back
?[1;31m
Start test 7?[0m
1. Log in as a manager
2. Log in as a customer
3. Create a customer
0. Exit
> 1

1. Company list
2. Create a company
0. Back
> 2

Enter the company name:
> Car To Go
The company was created!

1. Company list
2. Create a company
0. Back
> 2

Enter the company name:
> Drive Now
The company was created!

1. Company list
2. Create a company
0. Back
> 1

Choose the company:
4. Car To Go
5. Drive Now
0. Back
]]></system-out>
  <system-err><![CDATA[org.h2.jdbc.JdbcSQLSyntaxErrorException: Table "COMPANY" already exists; SQL statement:
CREATE TABLE COMPANY
(
    ID INT PRIMARY KEY AUTO_INCREMENT,
    NAME VARCHAR UNIQUE NOT NULL
); [42101-200]
	at org.h2.message.DbException.getJdbcSQLException(DbException.java:453)
	at org.h2.message.DbException.getJdbcSQLException(DbException.java:429)
	at org.h2.message.DbException.get(DbException.java:205)
	at org.h2.message.DbException.get(DbException.java:181)
	at org.h2.command.ddl.CreateTable.update(CreateTable.java:89)
	at org.h2.command.CommandContainer.update(CommandContainer.java:198)
	at org.h2.command.Command.executeUpdate(Command.java:251)
	at org.h2.jdbc.JdbcStatement.executeUpdateInternal(JdbcStatement.java:168)
	at org.h2.jdbc.JdbcStatement.executeUpdate(JdbcStatement.java:126)
	at carsharing.dao.DataBase.initDB(DataBase.java:50)
	at carsharing.dao.DataBaseUtil.initDB(DataBaseUtil.java:15)
	at carsharing.menu.Menu.<init>(Menu.java:19)
	at carsharing.Main.main(Main.java:16)
	at java.base/jdk.internal.reflect.NativeMethodAccessorImpl.invoke0(Native Method)
	at java.base/jdk.internal.reflect.NativeMethodAccessorImpl.invoke(NativeMethodAccessorImpl.java:62)
	at java.base/jdk.internal.reflect.DelegatingMethodAccessorImpl.invoke(DelegatingMethodAccessorImpl.java:43)
	at java.base/java.lang.reflect.Method.invoke(Method.java:566)
	at org.hyperskill.hstest.testing.execution.MainMethodExecutor.invokeMain(MainMethodExecutor.java:153)
	at org.hyperskill.hstest.testing.execution.MainMethodExecutor.lambda$launch$0(MainMethodExecutor.java:179)
	at java.base/java.util.concurrent.Executors$RunnableAdapter.call(Executors.java:515)
	at java.base/java.util.concurrent.FutureTask.run(FutureTask.java:264)
	at java.base/java.util.concurrent.ThreadPoolExecutor.runWorker(ThreadPoolExecutor.java:1128)
	at java.base/java.util.concurrent.ThreadPoolExecutor$Worker.run(ThreadPoolExecutor.java:628)
	at java.base/java.lang.Thread.run(Thread.java:834)
org.h2.jdbc.JdbcSQLSyntaxErrorException: Table "COMPANY" already exists; SQL statement:
CREATE TABLE COMPANY
(
    ID INT PRIMARY KEY AUTO_INCREMENT,
    NAME VARCHAR UNIQUE NOT NULL
); [42101-200]
	at org.h2.message.DbException.getJdbcSQLException(DbException.java:453)
	at org.h2.message.DbException.getJdbcSQLException(DbException.java:429)
	at org.h2.message.DbException.get(DbException.java:205)
	at org.h2.message.DbException.get(DbException.java:181)
	at org.h2.command.ddl.CreateTable.update(CreateTable.java:89)
	at org.h2.command.CommandContainer.update(CommandContainer.java:198)
	at org.h2.command.Command.executeUpdate(Command.java:251)
	at org.h2.jdbc.JdbcStatement.executeUpdateInternal(JdbcStatement.java:168)
	at org.h2.jdbc.JdbcStatement.executeUpdate(JdbcStatement.java:126)
	at carsharing.dao.DataBase.initDB(DataBase.java:50)
	at carsharing.dao.DataBaseUtil.initDB(DataBaseUtil.java:15)
	at carsharing.menu.Menu.<init>(Menu.java:19)
	at carsharing.Main.main(Main.java:16)
	at java.base/jdk.internal.reflect.NativeMethodAccessorImpl.invoke0(Native Method)
	at java.base/jdk.internal.reflect.NativeMethodAccessorImpl.invoke(NativeMethodAccessorImpl.java:62)
	at java.base/jdk.internal.reflect.DelegatingMethodAccessorImpl.invoke(DelegatingMethodAccessorImpl.java:43)
	at java.base/java.lang.reflect.Method.invoke(Method.java:566)
	at org.hyperskill.hstest.testing.execution.MainMethodExecutor.invokeMain(MainMethodExecutor.java:153)
	at org.hyperskill.hstest.testing.execution.MainMethodExecutor.lambda$launch$0(MainMethodExecutor.java:179)
	at java.base/java.util.concurrent.Executors$RunnableAdapter.call(Executors.java:515)
	at java.base/java.util.concurrent.FutureTask.run(FutureTask.java:264)
	at java.base/java.util.concurrent.ThreadPoolExecutor.runWorker(ThreadPoolExecutor.java:1128)
	at java.base/java.util.concurrent.ThreadPoolExecutor$Worker.run(ThreadPoolExecutor.java:628)
	at java.base/java.lang.Thread.run(Thread.java:834)
org.h2.jdbc.JdbcSQLSyntaxErrorException: Table "COMPANY" already exists; SQL statement:
CREATE TABLE COMPANY
(
    ID INT PRIMARY KEY AUTO_INCREMENT,
    NAME VARCHAR UNIQUE NOT NULL
); [42101-200]
	at org.h2.message.DbException.getJdbcSQLException(DbException.java:453)
	at org.h2.message.DbException.getJdbcSQLException(DbException.java:429)
	at org.h2.message.DbException.get(DbException.java:205)
	at org.h2.message.DbException.get(DbException.java:181)
	at org.h2.command.ddl.CreateTable.update(CreateTable.java:89)
	at org.h2.command.CommandContainer.update(CommandContainer.java:198)
	at org.h2.command.Command.executeUpdate(Command.java:251)
	at org.h2.jdbc.JdbcStatement.executeUpdateInternal(JdbcStatement.java:168)
	at org.h2.jdbc.JdbcStatement.executeUpdate(JdbcStatement.java:126)
	at carsharing.dao.DataBase.initDB(DataBase.java:50)
	at carsharing.dao.DataBaseUtil.initDB(DataBaseUtil.java:15)
	at carsharing.menu.Menu.<init>(Menu.java:19)
	at carsharing.Main.main(Main.java:16)
	at java.base/jdk.internal.reflect.NativeMethodAccessorImpl.invoke0(Native Method)
	at java.base/jdk.internal.reflect.NativeMethodAccessorImpl.invoke(NativeMethodAccessorImpl.java:62)
	at java.base/jdk.internal.reflect.DelegatingMethodAccessorImpl.invoke(DelegatingMethodAccessorImpl.java:43)
	at java.base/java.lang.reflect.Method.invoke(Method.java:566)
	at org.hyperskill.hstest.testing.execution.MainMethodExecutor.invokeMain(MainMethodExecutor.java:153)
	at org.hyperskill.hstest.testing.execution.MainMethodExecutor.lambda$launch$0(MainMethodExecutor.java:179)
	at java.base/java.util.concurrent.Executors$RunnableAdapter.call(Executors.java:515)
	at java.base/java.util.concurrent.FutureTask.run(FutureTask.java:264)
	at java.base/java.util.concurrent.ThreadPoolExecutor.runWorker(ThreadPoolExecutor.java:1128)
	at java.base/java.util.concurrent.ThreadPoolExecutor$Worker.run(ThreadPoolExecutor.java:628)
	at java.base/java.lang.Thread.run(Thread.java:834)
]]></system-err>
</testsuite>
